2025-05-21 01:18:28,914:INFO:Training started.
2025-05-21 01:18:29,117:INFO:Processed data loaded with shape (248423, 4)
2025-05-21 01:36:38,587:INFO:KMeans clustering completed with silhouette score: 0.7913
2025-05-21 01:38:20,934:ERROR:Error occurred: 
2025-05-21 01:42:08,877:INFO:Training started.
2025-05-21 01:42:09,059:INFO:Processed data loaded with shape (248423, 4)
2025-05-21 01:55:02,986:INFO:KMeans clustering completed with silhouette score: 0.7913
2025-05-21 01:55:02,986:ERROR:Error occurred: n_components=5 must be between 0 and min(n_samples, n_features)=3 with svd_solver='covariance_eigh'
2025-05-21 17:47:05,899:INFO:Training started.
2025-05-21 17:47:06,116:INFO:Processed data loaded with shape (248423, 4)
2025-05-21 18:01:00,380:INFO:KMeans clustering completed with silhouette score: 0.7913
2025-05-21 18:01:00,383:ERROR:Error occurred: n_components=5 must be between 0 and min(n_samples, n_features)=3 with svd_solver='covariance_eigh'
2025-05-21 18:23:10,410:INFO:Training started.
2025-05-21 18:23:10,641:INFO:Processed data loaded with shape (248423, 4)
2025-05-21 18:35:23,341:INFO:KMeans clustering completed with silhouette score: 0.7913
2025-05-21 18:38:10,740:ERROR:Error occurred: bad allocation
2025-05-22 13:36:41,343:INFO:Training started.
2025-05-22 13:36:41,552:INFO:Processed data loaded with shape (248423, 4)
2025-05-22 13:50:21,147:INFO:KMeans clustering completed with silhouette score: 0.7913
2025-05-22 13:52:06,112:ERROR:Error occurred: bad allocation
2025-05-22 14:32:47,866:INFO:Training started.
2025-05-22 14:32:48,059:INFO:Processed data loaded with shape (248423, 4)
2025-05-22 14:46:10,959:INFO:KMeans clustering completed with silhouette score: 0.7913
2025-05-22 14:47:33,212:ERROR:Error occurred: 
2025-05-22 14:51:49,563:INFO:Training started.
2025-05-22 14:51:49,757:INFO:Processed data loaded with shape (248423, 4)
2025-05-22 15:07:03,666:INFO:KMeans clustering completed with silhouette score: 0.7913
2025-05-22 15:08:12,580:ERROR:Error occurred: 
2025-05-22 15:16:02,658:INFO:Training started.
2025-05-22 15:16:02,861:INFO:Processed data loaded with shape (248423, 4)
2025-05-22 15:33:50,121:INFO:KMeans clustering completed with silhouette score: 0.7913
2025-05-22 15:33:50,866:INFO:DBSCAN clustering (sampled) silhouette score (excluding noise): 0.5417
2025-05-22 15:33:50,866:ERROR:Error occurred: Unable to allocate 230. GiB for an array with shape (30856869253,) and data type float64
2025-05-22 15:40:39,094:INFO:Training started.
2025-05-22 15:40:39,296:INFO:Processed data loaded with shape (248423, 4)
2025-05-22 15:57:57,260:INFO:KMeans clustering completed with silhouette score: 0.7913
2025-05-22 15:57:58,027:INFO:DBSCAN clustering (sampled) silhouette score (excluding noise): 0.3454
2025-05-22 15:57:58,079:INFO:Hierarchical clustering (sampled) silhouette score: 0.8125
2025-05-22 15:57:59,631:INFO:Clustered data saved to 'data/clustered_data.csv'.
2025-05-22 15:57:59,653:INFO:Models saved successfully.
